\BOOKMARK [1][-]{section.1}{\376\377\000P\000r\000e\000p\000a\000r\000a\000t\000i\000o\000n}{}% 1
\BOOKMARK [2][-]{subsection.1.1}{\376\377\000C\000o\000r\000e\000\040\000o\000f\000\040\000e\000c\000o\000n\000o\000m\000e\000t\000r\000i\000c\000s}{section.1}% 2
\BOOKMARK [2][-]{subsection.1.2}{\376\377\000D\000a\000t\000a\000\040\000s\000t\000r\000u\000c\000t\000u\000r\000e}{section.1}% 3
\BOOKMARK [2][-]{subsection.1.3}{\376\377\000U\000n\000d\000e\000r\000s\000t\000a\000n\000d\000i\000n\000g\000\040\000t\000h\000e\000\040\000S\000h\000a\000p\000e\000\040\000o\000f\000\040\000Y\000o\000u\000r\000\040\000D\000a\000t\000a\000:\000\040\000M\000o\000m\000e\000n\000t\000s}{section.1}% 4
\BOOKMARK [1][-]{section.2}{\376\377\000L\000i\000n\000e\000a\000r\000\040\000R\000e\000g\000r\000e\000s\000s\000i\000o\000n}{}% 5
\BOOKMARK [2][-]{subsection.2.1}{\376\377\000T\000h\000e\000\040\000P\000o\000p\000u\000l\000a\000t\000i\000o\000n\000\040\000a\000n\000d\000\040\000t\000h\000e\000\040\000S\000a\000m\000p\000l\000e}{section.2}% 6
\BOOKMARK [2][-]{subsection.2.2}{\376\377\000G\000M\000\040\000t\000h\000e\000o\000r\000e\000m\000\040\000a\000n\000d\000\040\000B\000L\000U\000E}{section.2}% 7
\BOOKMARK [2][-]{subsection.2.3}{\376\377\000R\000-\000s\000q\000u\000a\000r\000e\000d}{section.2}% 8
\BOOKMARK [1][-]{section.3}{\376\377\000H\000y\000p\000o\000t\000h\000e\000s\000i\000s\000\040\000a\000n\000d\000\040\000T\000e\000s\000t}{}% 9
\BOOKMARK [2][-]{subsection.3.1}{\376\377\000t\000-\000t\000e\000s\000t}{section.3}% 10
\BOOKMARK [2][-]{subsection.3.2}{\376\377\000c\000o\000n\000f\000i\000d\000e\000n\000c\000e\000\040\000i\000n\000t\000e\000r\000v\000a\000l\000\040\000t\000e\000s\000t}{section.3}% 11
\BOOKMARK [1][-]{section.4}{\376\377\000m\000u\000l\000t\000i\000-\000v\000a\000r\000i\000a\000t\000e\000\040\000l\000i\000n\000e\000a\000r\000\040\000r\000e\000g\000r\000e\000s\000s\000i\000o\000n}{}% 12
\BOOKMARK [1][-]{section.5}{\376\377\000o\000t\000h\000e\000r\000\040\000r\000e\000g\000r\000e\000s\000s\000i\000o\000n\000\040\000s\000t\000u\000f\000f}{}% 13
\BOOKMARK [1][-]{section.6}{\376\377\000P\000a\000n\000e\000l\000\040\000d\000a\000t\000a}{}% 14
\BOOKMARK [1][-]{section.7}{\376\377\000C\000a\000u\000s\000a\000l\000\040\000e\000f\000f\000e\000c\000t}{}% 15
\BOOKMARK [2][-]{subsection.7.1}{\376\377\000I\000V}{section.7}% 16
\BOOKMARK [2][-]{subsection.7.2}{\376\377\000D\000I\000D}{section.7}% 17
\BOOKMARK [2][-]{subsection.7.3}{\376\377\000R\000D\000D}{section.7}% 18
\BOOKMARK [1][-]{section.8}{\376\377\000T\000i\000m\000e\000\040\000s\000e\000r\000i\000e\000s\000\040\000d\000a\000t\000a}{}% 19
\BOOKMARK [1][-]{section.9}{\376\377\000S\000t\000r\000u\000c\000t\000u\000r\000a\000l\000\040\000E\000q\000u\000a\000t\000i\000o\000n\000s}{}% 20
